<?xml version="1.0" encoding="UTF-8"?>
<testsuite xmlns:xsi="http://www.w3.org/2001/XMLSchema-instance" xsi:noNamespaceSchemaLocation="https://maven.apache.org/surefire/maven-surefire-plugin/xsd/surefire-test-report-3.0.xsd" version="3.0" name="com.keycloak.AddingUser.AddingUserApplicationTests" time="5.329" tests="1" errors="0" skipped="0" failures="0">
  <properties>
[...]
</properties>
  <testcase name="contextLoads" classname="com.keycloak.AddingUser.AddingUserApplicationTests" time="1.602">
    <system-out><![CDATA[Standard Commons Logging discovery in action with spring-jcl: please remove commons-logging.jar from classpath in order to avoid potential conflicts
16:32:17.952 [main] INFO org.springframework.test.context.support.AnnotationConfigContextLoaderUtils -- Could not detect default configuration classes for test class [com.keycloak.AddingUser.AddingUserApplicationTests]: AddingUserApplicationTests does not declare any static, non-private, non-final, nested classes annotated with @Configuration.
16:32:18.091 [main] INFO org.springframework.boot.test.context.SpringBootTestContextBootstrapper -- Found @SpringBootConfiguration com.keycloak.AddingUser.AddingUserApplication for test class com.keycloak.AddingUser.AddingUserApplicationTests
16:32:18.333 [main] INFO org.springframework.boot.devtools.restart.RestartApplicationListener -- Restart disabled due to context in which it is running

  .   ____          _            __ _ _
 /\\ / ___'_ __ _ _(_)_ __  __ _ \ \ \ \
( ( )\___ | '_ | '_| | '_ \/ _` | \ \ \ \
 \\/  ___)| |_)| | | | | || (_| |  ) ) ) )
  '  |____| .__|_| |_|_| |_\__, | / / / /
 =========|_|==============|___/=/_/_/_/
 :: Spring Boot ::                (v3.2.0)

2023-12-21T16:32:18.691+05:30  WARN 18784 --- [           main] ory$DuplicateJsonObjectContextCustomizer : 

Found multiple occurrences of org.json.JSONObject on the class path:

	jar:file:/C:/Users/taru.jain/.m2/repository/org/json/json/20160212/json-20160212.jar!/org/json/JSONObject.class
	jar:file:/C:/Users/taru.jain/.m2/repository/com/vaadin/external/google/android-json/0.0.20131108.vaadin1/android-json-0.0.20131108.vaadin1.jar!/org/json/JSONObject.class

You may wish to exclude one of them to ensure predictable runtime behavior

2023-12-21T16:32:18.725+05:30  INFO 18784 --- [           main] c.k.A.AddingUserApplicationTests         : Starting AddingUserApplicationTests using Java 17.0.5 with PID 18784 (started by taru.jain in D:\AddingUser)
2023-12-21T16:32:18.726+05:30  INFO 18784 --- [           main] c.k.A.AddingUserApplicationTests         : No active profile set, falling back to 1 default profile: "default"
2023-12-21T16:32:21.060+05:30  WARN 18784 --- [           main] .s.s.UserDetailsServiceAutoConfiguration : 

Using generated security password: 9e0af101-e285-4f51-a4ec-560454cc4796

This generated password is for development use only. Your security configuration must be updated before running your application in production.

2023-12-21T16:32:21.330+05:30  INFO 18784 --- [           main] o.s.s.web.DefaultSecurityFilterChain     : Will secure any request with [org.springframework.security.web.session.DisableEncodeUrlFilter@44dc7b7d, org.springframework.security.web.context.request.async.WebAsyncManagerIntegrationFilter@15fb4566, org.springframework.security.web.context.SecurityContextHolderFilter@61615b4a, org.springframework.security.web.header.HeaderWriterFilter@56b8aaf1, org.springframework.web.filter.CorsFilter@25ffd826, org.springframework.security.web.csrf.CsrfFilter@6b1b19cf, org.springframework.security.web.authentication.logout.LogoutFilter@13bdf540, org.springframework.security.web.authentication.UsernamePasswordAuthenticationFilter@208205ed, org.springframework.security.web.authentication.ui.DefaultLoginPageGeneratingFilter@70029d2d, org.springframework.security.web.authentication.ui.DefaultLogoutPageGeneratingFilter@29896529, org.springframework.security.web.authentication.www.BasicAuthenticationFilter@77f4c040, org.springframework.security.web.savedrequest.RequestCacheAwareFilter@33bb3f86, org.springframework.security.web.servletapi.SecurityContextHolderAwareRequestFilter@1946384, org.springframework.security.web.authentication.AnonymousAuthenticationFilter@e29f4f6, org.springframework.security.web.access.ExceptionTranslationFilter@373e6b9d, org.springframework.security.web.access.intercept.AuthorizationFilter@22bf9122]
2023-12-21T16:32:21.418+05:30  INFO 18784 --- [           main] c.k.A.AddingUserApplicationTests         : Started AddingUserApplicationTests in 3.107 seconds (process running for 4.62)
]]></system-out>
  </testcase>
</testsuite>